{
  "stats": {
    "suites": 1,
    "tests": 2,
    "passes": 2,
    "pending": 0,
    "failures": 0,
    "start": "2025-11-19T14:54:53.021Z",
    "end": "2025-11-19T14:54:55.627Z",
    "duration": 2606,
    "testsRegistered": 2,
    "passPercent": 100,
    "pendingPercent": 0,
    "other": 0,
    "hasOther": false,
    "skipped": 0,
    "hasSkipped": false
  },
  "results": [
    {
      "uuid": "684dd98f-8edb-4afc-a2ae-ccb5a0cdebd6",
      "title": "",
      "fullFile": "cypress/e2e/product/productDetail.cy.js",
      "file": "cypress/e2e/product/productDetail.cy.js",
      "beforeHooks": [],
      "afterHooks": [],
      "tests": [],
      "suites": [
        {
          "uuid": "ea522190-1bef-487f-9d72-a84aad16c68b",
          "title": "Product Detail",
          "fullFile": "",
          "file": "",
          "beforeHooks": [],
          "afterHooks": [],
          "tests": [
            {
              "title": "should display product details correctly",
              "fullTitle": "Product Detail should display product details correctly",
              "timedOut": null,
              "duration": 1770,
              "state": "passed",
              "speed": "fast",
              "pass": true,
              "fail": false,
              "pending": false,
              "context": null,
              "code": "detailPage.verifyPageLoaded().verifyProductName('Test Product').verifyProductCategory('Electronics').verifyProductPrice(2999).verifyProductStock(15).verifyProductStatus('in stock').verifyProductDescription('Detailed product description').verifyProductImage();",
              "err": {},
              "uuid": "f15f0695-feb4-416b-a464-37f885099e12",
              "parentUUID": "ea522190-1bef-487f-9d72-a84aad16c68b",
              "isHook": false,
              "skipped": false
            },
            {
              "title": "should add product to cart",
              "fullTitle": "Product Detail should add product to cart",
              "timedOut": null,
              "duration": 703,
              "state": "passed",
              "speed": "fast",
              "pass": true,
              "fail": false,
              "pending": false,
              "context": null,
              "code": "detailPage.clickAddToCart();\ncy.url().should('include', '/cart');",
              "err": {},
              "uuid": "ac7b9e86-03da-48f6-8cf6-16e2cdf08ac5",
              "parentUUID": "ea522190-1bef-487f-9d72-a84aad16c68b",
              "isHook": false,
              "skipped": false
            }
          ],
          "suites": [],
          "passes": [
            "f15f0695-feb4-416b-a464-37f885099e12",
            "ac7b9e86-03da-48f6-8cf6-16e2cdf08ac5"
          ],
          "failures": [],
          "pending": [],
          "skipped": [],
          "duration": 2473,
          "root": false,
          "rootEmpty": false,
          "_timeout": 2000
        }
      ],
      "passes": [],
      "failures": [],
      "pending": [],
      "skipped": [],
      "duration": 0,
      "root": true,
      "rootEmpty": true,
      "_timeout": 2000
    }
  ],
  "meta": {
    "mocha": {
      "version": "7.2.0"
    },
    "mochawesome": {
      "options": {
        "quiet": false,
        "reportFilename": "mochawesome",
        "saveHtml": true,
        "saveJson": true,
        "consoleReporter": "spec",
        "useInlineDiffs": false,
        "code": true
      },
      "version": "7.1.4"
    },
    "marge": {
      "options": null,
      "version": "6.3.2"
    }
  }
}