{
  "stats": {
    "suites": 1,
    "tests": 2,
    "passes": 2,
    "pending": 0,
    "failures": 0,
    "start": "2025-11-21T08:44:21.060Z",
    "end": "2025-11-21T08:44:23.756Z",
    "duration": 2696,
    "testsRegistered": 2,
    "passPercent": 100,
    "pendingPercent": 0,
    "other": 0,
    "hasOther": false,
    "skipped": 0,
    "hasSkipped": false
  },
  "results": [
    {
      "uuid": "7457eb86-91e2-48a7-b3ec-abd1617d6131",
      "title": "",
      "fullFile": "cypress/e2e/product/productDetail.cy.js",
      "file": "cypress/e2e/product/productDetail.cy.js",
      "beforeHooks": [],
      "afterHooks": [],
      "tests": [],
      "suites": [
        {
          "uuid": "d40094be-455d-4eee-bb47-6958402ae9cb",
          "title": "Product Detail",
          "fullFile": "",
          "file": "",
          "beforeHooks": [],
          "afterHooks": [],
          "tests": [
            {
              "title": "should display product details correctly",
              "fullTitle": "Product Detail should display product details correctly",
              "timedOut": null,
              "duration": 1747,
              "state": "passed",
              "speed": "fast",
              "pass": true,
              "fail": false,
              "pending": false,
              "context": null,
              "code": "detailPage.verifyPageLoaded().verifyProductName('Test Product').verifyProductCategory('Electronics').verifyProductPrice(2999).verifyProductStock(15).verifyProductStatus('in stock').verifyProductDescription('Detailed product description').verifyProductImage();",
              "err": {},
              "uuid": "4bff4055-55fb-489b-8ff2-37c6b69c2fb4",
              "parentUUID": "d40094be-455d-4eee-bb47-6958402ae9cb",
              "isHook": false,
              "skipped": false
            },
            {
              "title": "should add product to cart",
              "fullTitle": "Product Detail should add product to cart",
              "timedOut": null,
              "duration": 768,
              "state": "passed",
              "speed": "fast",
              "pass": true,
              "fail": false,
              "pending": false,
              "context": null,
              "code": "detailPage.clickAddToCart();\ncy.url().should('include', '/cart');",
              "err": {},
              "uuid": "83947a0b-7cef-48ac-9853-50833194c68a",
              "parentUUID": "d40094be-455d-4eee-bb47-6958402ae9cb",
              "isHook": false,
              "skipped": false
            }
          ],
          "suites": [],
          "passes": [
            "4bff4055-55fb-489b-8ff2-37c6b69c2fb4",
            "83947a0b-7cef-48ac-9853-50833194c68a"
          ],
          "failures": [],
          "pending": [],
          "skipped": [],
          "duration": 2515,
          "root": false,
          "rootEmpty": false,
          "_timeout": 2000
        }
      ],
      "passes": [],
      "failures": [],
      "pending": [],
      "skipped": [],
      "duration": 0,
      "root": true,
      "rootEmpty": true,
      "_timeout": 2000
    }
  ],
  "meta": {
    "mocha": {
      "version": "7.2.0"
    },
    "mochawesome": {
      "options": {
        "quiet": false,
        "reportFilename": "mochawesome",
        "saveHtml": true,
        "saveJson": true,
        "consoleReporter": "spec",
        "useInlineDiffs": false,
        "code": true
      },
      "version": "7.1.4"
    },
    "marge": {
      "options": null,
      "version": "6.3.2"
    }
  }
}